make all --print-data-base --no-builtin-variables --no-builtin-rules --question
# GNU Make 3.81
# Copyright (C) 2006  Free Software Foundation, Inc.
# This is free software; see the source for copying conditions.
# There is NO warranty; not even for MERCHANTABILITY or FITNESS FOR A
# PARTICULAR PURPOSE.

# This program built for i386-apple-darwin11.3.0
 

# Make data base, printed on Fri May 27 17:24:21 2022

# Variables

# automatic
<D = $(patsubst %/,%,$(dir $<))
# automatic
?F = $(notdir $?)
# environment
ELECTRON_NO_ATTACH_CONSOLE = 1
# environment
LC_CTYPE = UTF-8
# environment
VSCODE_LOG_NATIVE = false
# environment
NVM_INC = /Users/user/.nvm/versions/node/v12.22.6/include/node
# automatic
?D = $(patsubst %/,%,$(dir $?))
# environment
CPPFLAGS = -I/opt/homebrew/opt/openssl@3/include
# environment
rvm_path = /Users/user/.rvm
# automatic
@D = $(patsubst %/,%,$(dir $@))
# automatic
@F = $(notdir $@)
# makefile
CURDIR := /Users/user/projects/gb-vocable
# makefile
SHELL = /bin/sh
# environment
VSCODE_NLS_CONFIG = {"locale":"en-gb","availableLanguages":{},"_languagePackSupport":true}
# environment
_ = /usr/bin/make
# environment
VSCODE_PID = 87509
# makefile (from `Makefile', line 1)
MAKEFILE_LIST :=  Makefile
# environment
rvm_ruby_mode = 
# environment
rvm_ruby_make = 
# environment
VSCODE_VERBOSE_LOGGING = true
# makefile (from `Makefile', line 9)
LCC = $(GBDK_HOME)bin/lcc
# environment
__CFBundleIdentifier = com.microsoft.VSCode
# environment
INFOPATH = /opt/homebrew/share/info:
# environment
rvm_proxy = 
# environment
VSCODE_IPC_HOOK_EXTHOST = /var/folders/hj/mfjz_v0d10941715zfkdjz3h0000gn/T/vscode-ipc-7a71924a-b1f0-4ae5-96b7-920c51822f4c.sock
# makefile (from `Makefile', line 18)
BINS = $(PROJECTNAME).gb
# environment
VSCODE_CWD = /Users/user/projects/gb-vocable
# environment
rvm_pretty_print_flag = 
# environment
PATH = /opt/homebrew/opt/openssl@3/bin:/Users/user/.pyenv/shims:/opt/homebrew/opt/openssl@3/bin:/opt/homebrew/opt/ruby/bin:/Users/user/.gem/ruby/3.1.0/bin:/Users/user/.gem/ruby/2.6.0/bin:/Users/user/.rbenv/shims:/Users/user/.nvm/versions/node/v12.22.6/bin:/opt/homebrew/bin:/opt/homebrew/sbin:/usr/local/bin:/usr/bin:/bin:/usr/sbin:/sbin:/opt/X11/bin:/Applications/Wireshark.app/Contents/MacOS:/Users/user/.rvm/bin:/Users/user/.rvm/bin
# environment
LSCOLORS = Gxfxcxdxbxegedabagacad
# environment
rvm_niceness = 
# environment
NVM_BIN = /Users/user/.nvm/versions/node/v12.22.6/bin
# environment
rvm_only_path_flag = 
# environment
rvm_gemstone_package_file = 
# environment
VSCODE_LOG_STACK = false
# environment
ELECTRON_RUN_AS_NODE = 1
# environment
LDFLAGS = -L/opt/homebrew/opt/openssl@3/lib
# environment
rvm_alias_expanded = 
# default
.FEATURES := target-specific order-only second-expansion else-if archives jobserver check-symlink
# environment
SSH_AUTH_SOCK = /private/tmp/com.apple.launchd.cay9TRaEcm/Listeners
# automatic
%F = $(notdir $%)
# environment
VSCODE_PIPE_LOGGING = true
# environment
rvm_bin_path = /Users/user/.rvm/bin
# environment
PWD = /Users/user/projects/gb-vocable
# environment
HOMEBREW_CELLAR = /opt/homebrew/Cellar
# environment
rvm_docs_type = 
# environment
rvm_script_name = 
# environment
ORIGINAL_XDG_CURRENT_DESKTOP = undefined
# environment
MANPATH = /Users/user/.nvm/versions/node/v12.22.6/share/man:/opt/homebrew/share/man::
# environment
VSCODE_AMD_ENTRYPOINT = vs/workbench/api/node/extensionHostProcess
# environment
HOME = /Users/user
# default
MAKEFILEPATH = $(shell /usr/bin/xcode-select -print-path 2>/dev/null || echo /Developer)/Makefiles
# environment
VSCODE_CLI = 1
# environment
VSCODE_CODE_CACHE_PATH = /Users/user/Library/Application Support/Code/CachedData/c3511e6c69bb39013c4a4b7b9566ec1ca73fc4d5
# environment
LOGNAME = user
# environment
APPLICATION_INSIGHTS_NO_DIAGNOSTIC_CHANNEL = true
# environment
NVM_CD_FLAGS = -q
# environment
ZSH = /Users/user/.oh-my-zsh
# environment
VSCODE_HANDLES_UNCAUGHT_ERRORS = true
# automatic
^D = $(patsubst %/,%,$(dir $^))
# environment
rvm_ruby_bits = 
# environment
XPC_FLAGS = 0x0
# environment
COLORTERM = truecolor
# environment
rvm_ruby_make_install = 
# default
MAKE = $(MAKE_COMMAND)
# environment
LC_TERMINAL = iTerm2
# environment
SHLVL = 3
# environment
rvm_quiet_flag = 
# makefile (from `Makefile', line 10)
CC = gcc
# default
MAKE_VERSION := 3.81
# environment
USER = user
# makefile
.DEFAULT_GOAL := all
# default
MAKECMDGOALS := all
# environment
TERM_SESSION_ID = w0t3p0:5C0D0EF9-0BF2-4C72-A872-3EC317A3E06F
# environment
rvm_version = 1.29.12 (latest)
# environment
LESS = -R
# automatic
%D = $(patsubst %/,%,$(dir $%))
# default
MAKE_COMMAND := /Library/Developer/CommandLineTools/usr/bin/make
# makefile (from `Makefile', line 19)
CSOURCES := main.c bloom.c
# environment
TERM_PROGRAM = iTerm.app
# default
.VARIABLES := 
# environment
TMPDIR = /var/folders/hj/mfjz_v0d10941715zfkdjz3h0000gn/T/
# automatic
*F = $(notdir $*)
# environment
VSCODE_IPC_HOOK = /Users/user/Library/Application Support/Code/1.67.2-main.sock
# makefile
MAKEFLAGS = Rrqp
# makefile (from `Makefile', line 20)
HSOURCES := bloom.h
# environment
MFLAGS = -Rrqp
# automatic
*D = $(patsubst %/,%,$(dir $*))
# environment
TERM_PROGRAM_VERSION = 3.4.8
# environment
NVM_DIR = /Users/user/.nvm
# environment
XPC_SERVICE_NAME = application.com.microsoft.VSCode.17496187.17496193.5CFD5702-0D54-49CE-8C43-16C98613B91F
# environment
LC_TERMINAL_VERSION = 3.4.8
# environment
HOMEBREW_PREFIX = /opt/homebrew
# automatic
+D = $(patsubst %/,%,$(dir $+))
# automatic
+F = $(notdir $+)
# environment
ITERM_SESSION_ID = w0t3p0:5C0D0EF9-0BF2-4C72-A872-3EC317A3E06F
# environment
rvm_sdk = 
# environment
HOMEBREW_REPOSITORY = /opt/homebrew
# environment
COLORFGBG = 15;0
# makefile (from `Makefile', line 7)
GBDK_HOME = gbdk/
# environment
__CF_USER_TEXT_ENCODING = 0x1F5:0x0:0x0
# environment
COMMAND_MODE = unix2003
# default
MAKEFILES := 
# environment
RBENV_SHELL = zsh
# automatic
<F = $(notdir $<)
# environment
ITERM_PROFILE = Default
# environment
rvm_silent_flag = 
# environment
rvm_gemstone_url = 
# makefile (from `Makefile', line 16)
PROJECTNAME = WORDLE
# environment
PAGER = less
# environment
LC_ALL = C
# environment
rvm_bin_flag = 
# automatic
^F = $(notdir $^)
# environment
rvm_prefix = /Users/user
# default
SUFFIXES := 
# environment
rvm_ruby_file = 
# default
.INCLUDE_DIRS = /usr/local/include
# environment
MAKELEVEL := 0
# environment
LANG = C
# environment
TERM = xterm-256color
# environment
rvm_use_flag = 
# environment
rvm_hook = 
# environment
rvm_nightly_flag = 
# variable set hash-table stats:
# Load=123/1024=12%, Rehash=0, Collisions=23/156=15%

# Pattern-specific Variable Values

# No pattern-specific variable values.

# Directories

# . (device 16777230, inode 17898944): 16 files, no impossibilities.

# 16 files, no impossibilities in 1 directories.

# Implicit Rules

# No implicit rules.

# Files

all: WORDLE.gb
#  Command-line target.
#  Implicit rule search has been done.
#  File does not exist.
#  File has been updated.
#  Needs to be updated (-q is set).
# variable set hash-table stats:
# Load=0/32=0%, Rehash=0, Collisions=0/2=0%

# Not a target:
main.c:
#  Implicit rule search has been done.
#  Last modified 2022-05-15 22:35:21
#  File has been updated.
#  Successfully updated.
# variable set hash-table stats:
# Load=0/32=0%, Rehash=0, Collisions=0/0=0%

WORDLE.gb: main.c bloom.c bloom.h wordlist.h filter.h
#  Implicit rule search has not been done.
#  File does not exist.
#  File has been updated.
#  Needs to be updated (-q is set).
# variable set hash-table stats:
# Load=0/32=0%, Rehash=0, Collisions=0/2=0%
#  commands to execute (from `Makefile', line 42):
	$(LCC) -v -o $@ $(CSOURCES) $(ASMSOURCES)
	

# Not a target:
.SUFFIXES:
#  Implicit rule search has not been done.
#  Modification time never checked.
#  File has not been updated.

# Not a target:
Makefile:
#  Implicit rule search has been done.
#  Last modified 2022-05-18 02:49:12
#  File has been updated.
#  Successfully updated.
# variable set hash-table stats:
# Load=0/32=0%, Rehash=0, Collisions=0/0=0%

filter.h: words-ccedille-fix.txt tools/hash_generator
#  Implicit rule search has not been done.
#  Modification time never checked.
#  File has not been updated.
#  commands to execute (from `Makefile', line 38):
	./tools/hash_generator words-ccedille-fix.txt > filter.h
	

wordlist.h: words-ccedille-fix.txt
#  Implicit rule search has been done.
#  File does not exist.
#  File has been updated.
#  Needs to be updated (-q is set).
# variable set hash-table stats:
 
# Load=0/32=0%, Rehash=0, Collisions=0/2=0%

# Not a target:
bloom.c:
#  Implicit rule search has been done.
#  Last modified 2022-05-15 23:43:12
#  File has been updated.
#  Successfully updated.
# variable set hash-table stats:
# Load=0/32=0%, Rehash=0, Collisions=0/0=0%

compile.bat: Makefile
#  Implicit rule search has not been done.
#  Modification time never checked.
#  File has not been updated.
#  commands to execute (from `Makefile', line 25):
	@echo "REM Automatically generated from Makefile" > compile.bat
	@make -sn | sed y/\\//\\\\/ | grep -v make >> compile.bat
	

tools/hash_generator: tools/hash_generator.c bloom.c bloom.h
#  Implicit rule search has not been done.
#  Modification time never checked.
#  File has not been updated.
#  commands to execute (from `Makefile', line 29):
	$(CC) -O2 -o tools/hash_generator tools/hash_generator.c bloom.c
	

# Not a target:
tools/gen-wordlist.py:
#  Implicit rule search has been done.
#  Last modified 2022-05-18 02:48:27
#  File has been updated.
#  Successfully updated.
# variable set hash-table stats:
# Load=0/32=0%, Rehash=0, Collisions=0/0=0%

# Not a target:
.DEFAULT:
#  Implicit rule search has not been done.
#  Modification time never checked.
#  File has not been updated.

# Not a target:
bloom.h:
#  Implicit rule search has been done.
#  Last modified 2022-05-15 19:48:01
#  File has been updated.
#  Successfully updated.
# variable set hash-table stats:
# Load=0/32=0%, Rehash=0, Collisions=0/0=0%

clean:
#  Implicit rule search has not been done.
#  Modification time never checked.
#  File has not been updated.
#  commands to execute (from `Makefile', line 45):
	@rm -f *.o *.lst *.map *.gb *.ihx *.sym *.cdb *.adb *.asm wordlist.bin wordlist.h filter.h tools/hash_generator
	@rm -rf *.dSYM tools/*.dSYM
	

# Not a target:
words.txt:
#  Implicit rule search has been done.
#  Last modified 2022-05-18 02:15:02
#  File has been updated.
#  Successfully updated.
# variable set hash-table stats:
# Load=0/32=0%, Rehash=0, Collisions=0/0=0%

# Not a target:
tools/hash_generator.c:
#  Implicit rule search has not been done.
#  Modification time never checked.
#  File has not been updated.

words-ccedille-fix.txt: words.txt tools/gen-wordlist.py
#  Implicit rule search has not been done.
#  Implicit/static pattern stem: `'
#  File does not exist.
#  File has been updated.
#  Needs to be updated (-q is set).
# automatic
# @ := words-ccedille-fix.txt
# automatic
# % := 
# automatic
# * := 
# automatic
# + := words.txt tools/gen-wordlist.py
# automatic
# | := 
# automatic
# < := words.txt
# automatic
# ^ := words.txt tools/gen-wordlist.py
# automatic
# ? := words.txt tools/gen-wordlist.py
# variable set hash-table stats:
# Load=8/32=25%, Rehash=0, Collisions=1/10=10%
#  commands to execute (from `Makefile', line 32):
	@# This generates words-ccedille-fix.txt and filter.h
	python3 tools/gen-wordlist.py words.txt
	

# files hash-table stats:
# Load=17/1024=2%, Rehash=0, Collisions=0/46=0%
# VPATH Search Paths

# No `vpath' search paths.

# No general (`VPATH' variable) search path.

# # of strings in strcache: 1
# # of strcache buffers: 1
# strcache size: total = 4096 / max = 4096 / min = 4096 / avg = 4096
# strcache free: total = 4087 / max = 4087 / min = 4087 / avg = 4087

# Finished Make data base on Fri May 27 17:24:21 2022

 
